<?xml version="1.0" encoding="UTF-8"?>
<robot generator="Robot 7.0 (Python 3.12.1 on darwin)" generated="2024-03-24T12:44:13.295121" rpa="false" schemaversion="5">
<suite id="s1" name="RBT 01 CallawayScore" source="/Users/cadensilvey/Developer/cally/tests/RBT_TESTS/RBT_01_CallawayScore.robot">
<test id="s1-t1" name="Test Golf Scoring" line="10">
<kw name="Run Process" owner="Process">
<msg time="2024-03-24T12:44:13.308716" level="INFO">Starting process:
python3 /Users/cadensilvey/Developer/GitHub/Courses/Cally/callyScore.py DressForLess</msg>
<msg time="2024-03-24T12:44:13.311045" level="INFO">Waiting for process to complete.</msg>
<msg time="2024-03-24T12:44:13.325255" level="INFO">Process completed.</msg>
<msg time="2024-03-24T12:44:13.325485" level="INFO">${result} = &lt;result object with rc 0&gt;</msg>
<var>${result}</var>
<arg>${python3 Executable}</arg>
<arg>${Script Path}</arg>
<arg>DressForLess</arg>
<doc>Runs a process and waits for it to complete.</doc>
<status status="PASS" start="2024-03-24T12:44:13.308591" elapsed="0.016914"/>
</kw>
<kw name="Log" owner="BuiltIn">
<msg time="2024-03-24T12:44:13.326190" level="INFO">Front 9: 39
Back 9: 43
Total Score: 82
Calloway Score: 73</msg>
<arg>${result.stdout}</arg>
<doc>Logs the given message with the given level.</doc>
<status status="PASS" start="2024-03-24T12:44:13.325818" elapsed="0.000391"/>
</kw>
<kw name="Run Process" owner="Process">
<msg time="2024-03-24T12:44:13.326396" level="INFO">Starting process:
python3 /Users/cadensilvey/Developer/GitHub/Courses/Cally/callyScore.py DriveNThriive</msg>
<msg time="2024-03-24T12:44:13.328117" level="INFO">Waiting for process to complete.</msg>
<msg time="2024-03-24T12:44:13.340653" level="INFO">Process completed.</msg>
<msg time="2024-03-24T12:44:13.340833" level="INFO">${result} = &lt;result object with rc 0&gt;</msg>
<var>${result}</var>
<arg>${python3 Executable}</arg>
<arg>${Script Path}</arg>
<arg>DriveNThriive</arg>
<doc>Runs a process and waits for it to complete.</doc>
<status status="PASS" start="2024-03-24T12:44:13.326278" elapsed="0.014571"/>
</kw>
<kw name="Log" owner="BuiltIn">
<msg time="2024-03-24T12:44:13.341378" level="INFO">Front 9: 39
Back 9: 43
Total Score: 82
Calloway Score: 73</msg>
<arg>${result.stdout}</arg>
<doc>Logs the given message with the given level.</doc>
<status status="PASS" start="2024-03-24T12:44:13.341079" elapsed="0.000316"/>
</kw>
<kw name="Run Process" owner="Process">
<msg time="2024-03-24T12:44:13.341579" level="INFO">Starting process:
python3 /Users/cadensilvey/Developer/GitHub/Courses/Cally/callyScore.py Osama</msg>
<msg time="2024-03-24T12:44:13.343158" level="INFO">Waiting for process to complete.</msg>
<msg time="2024-03-24T12:44:13.355446" level="INFO">Process completed.</msg>
<msg time="2024-03-24T12:44:13.355638" level="INFO">${result} = &lt;result object with rc 0&gt;</msg>
<var>${result}</var>
<arg>${python3 Executable}</arg>
<arg>${Script Path}</arg>
<arg>Osama</arg>
<doc>Runs a process and waits for it to complete.</doc>
<status status="PASS" start="2024-03-24T12:44:13.341469" elapsed="0.014185"/>
</kw>
<kw name="Log" owner="BuiltIn">
<msg time="2024-03-24T12:44:13.356161" level="INFO">Front 9: 39
Back 9: 43
Total Score: 82
Calloway Score: 73</msg>
<arg>${result.stdout}</arg>
<doc>Logs the given message with the given level.</doc>
<status status="PASS" start="2024-03-24T12:44:13.355869" elapsed="0.000314"/>
</kw>
<kw name="Run Process" owner="Process">
<msg time="2024-03-24T12:44:13.356367" level="INFO">Starting process:
python3 /Users/cadensilvey/Developer/GitHub/Courses/Cally/callyScore.py GG</msg>
<msg time="2024-03-24T12:44:13.358004" level="INFO">Waiting for process to complete.</msg>
<msg time="2024-03-24T12:44:13.370371" level="INFO">Process completed.</msg>
<msg time="2024-03-24T12:44:13.370574" level="INFO">${result} = &lt;result object with rc 0&gt;</msg>
<var>${result}</var>
<arg>${python3 Executable}</arg>
<arg>${Script Path}</arg>
<arg>GG</arg>
<doc>Runs a process and waits for it to complete.</doc>
<status status="PASS" start="2024-03-24T12:44:13.356259" elapsed="0.014329"/>
</kw>
<kw name="Log" owner="BuiltIn">
<msg time="2024-03-24T12:44:13.371091" level="INFO">Front 9: 39
Back 9: 43
Total Score: 82
Calloway Score: 73</msg>
<arg>${result.stdout}</arg>
<doc>Logs the given message with the given level.</doc>
<status status="PASS" start="2024-03-24T12:44:13.370808" elapsed="0.000301"/>
</kw>
<kw name="Run Process" owner="Process">
<msg time="2024-03-24T12:44:13.371301" level="INFO">Starting process:
python3 /Users/cadensilvey/Developer/GitHub/Courses/Cally/callyScore.py DaddysMoney</msg>
<msg time="2024-03-24T12:44:13.372864" level="INFO">Waiting for process to complete.</msg>
<msg time="2024-03-24T12:44:13.385043" level="INFO">Process completed.</msg>
<msg time="2024-03-24T12:44:13.385219" level="INFO">${result} = &lt;result object with rc 0&gt;</msg>
<var>${result}</var>
<arg>${python3 Executable}</arg>
<arg>${Script Path}</arg>
<arg>DaddysMoney</arg>
<doc>Runs a process and waits for it to complete.</doc>
<status status="PASS" start="2024-03-24T12:44:13.371181" elapsed="0.014051"/>
</kw>
<kw name="Log" owner="BuiltIn">
<msg time="2024-03-24T12:44:13.385730" level="INFO">Front 9: 39
Back 9: 43
Total Score: 82
Calloway Score: 73</msg>
<arg>${result.stdout}</arg>
<doc>Logs the given message with the given level.</doc>
<status status="PASS" start="2024-03-24T12:44:13.385462" elapsed="0.000283"/>
</kw>
<doc>Calculate Callaway Score Based on hard coded data.</doc>
<tag>golf</tag>
<status status="PASS" start="2024-03-24T12:44:13.308298" elapsed="0.077541"/>
</test>
<status status="PASS" start="2024-03-24T12:44:13.295609" elapsed="0.090481"/>
</suite>
<statistics>
<total>
<stat pass="1" fail="0" skip="0">All Tests</stat>
</total>
<tag>
<stat pass="1" fail="0" skip="0">golf</stat>
</tag>
<suite>
<stat pass="1" fail="0" skip="0" id="s1" name="RBT 01 CallawayScore">RBT 01 CallawayScore</stat>
</suite>
</statistics>
<errors>
</errors>
</robot>
