<?xml version="1.0" encoding="UTF-8"?>
<robot generator="Robot 7.0 (Python 3.12.1 on darwin)" generated="2024-03-23T23:46:11.126518" rpa="false" schemaversion="5">
<suite id="s1" name="RBT 003 score calculation" source="/Users/cadensilvey/Developer/cally/tests/RBT_TESTS/RBT_003_score_calculation.robot">
<test id="s1-t1" name="Test Create Course Calculation" line="10">
<kw name="Open Browser" owner="SeleniumLibrary">
<msg time="2024-03-23T23:46:11.179004" level="INFO">Opening browser 'Chrome' to base url 'http://137.152.100.34:8551/cally/main-py/create_course'.</msg>
<arg>${BASE_URL}/create_course</arg>
<arg>${BROWSER}</arg>
<doc>Opens a new browser instance to the optional ``url``.</doc>
<status status="PASS" start="2024-03-23T23:46:11.178883" elapsed="0.476336"/>
</kw>
<kw name="Maximize Browser Window" owner="SeleniumLibrary">
<doc>Maximizes current browser window.</doc>
<status status="PASS" start="2024-03-23T23:46:11.656018" elapsed="0.461318"/>
</kw>
<kw name="Input Scores Manually">
<kw name="Get Value From User" owner="Dialogs">
<msg time="2024-03-23T23:46:12.118267" level="FAIL">Keyword 'Dialogs.Get Value From User' expected 1 to 3 arguments, got 0.</msg>
<var>${input_scores}</var>
<doc>Pauses execution and asks user to input a value.</doc>
<status status="FAIL" start="2024-03-23T23:46:12.118167" elapsed="0.000126">Keyword 'Dialogs.Get Value From User' expected 1 to 3 arguments, got 0.</status>
</kw>
<kw name="Split String">
<var>@{scores}</var>
<arg>${input_scores}</arg>
<arg>,</arg>
<status status="NOT RUN" start="2024-03-23T23:46:12.119052" elapsed="0.000016"/>
</kw>
<kw name=":FOR">
<arg>${score}</arg>
<arg>IN</arg>
<arg>@{scores}</arg>
<status status="NOT RUN" start="2024-03-23T23:46:12.119142" elapsed="0.000024"/>
</kw>
<kw name="\">
<arg>Input Text</arg>
<arg>xpath://input[contains(@class, 'score_label')]</arg>
<arg>${score}</arg>
<status status="NOT RUN" start="2024-03-23T23:46:12.119235" elapsed="0.000012"/>
</kw>
<tag>manual</tag>
<doc>Manually input scores for each hole</doc>
<timeout value="5 minutes"/>
<status status="FAIL" start="2024-03-23T23:46:12.117734" elapsed="0.001587">Keyword 'Dialogs.Get Value From User' expected 1 to 3 arguments, got 0.</status>
</kw>
<kw name="Calculate Adjusted Score">
<status status="NOT RUN" start="2024-03-23T23:46:12.119425" elapsed="0.000013"/>
</kw>
<kw name="Verify Total Score">
<arg>89</arg>
<status status="NOT RUN" start="2024-03-23T23:46:12.119499" elapsed="0.000011"/>
</kw>
<kw name="Verify Callaway Score">
<arg>78</arg>
<status status="NOT RUN" start="2024-03-23T23:46:12.119561" elapsed="0.000008"/>
</kw>
<status status="FAIL" start="2024-03-23T23:46:11.178498" elapsed="0.941159">Keyword 'Dialogs.Get Value From User' expected 1 to 3 arguments, got 0.</status>
</test>
<status status="FAIL" start="2024-03-23T23:46:11.126984" elapsed="0.992910"/>
</suite>
<statistics>
<total>
<stat pass="0" fail="1" skip="0">All Tests</stat>
</total>
<tag>
</tag>
<suite>
<stat pass="0" fail="1" skip="0" id="s1" name="RBT 003 score calculation">RBT 003 score calculation</stat>
</suite>
</statistics>
<errors>
</errors>
</robot>
